# JRE version: Java(TM) SE Runtime Environment (17.0.12+8) (build 17.0.12+8-LTS-286)
# Java VM: Java HotSpot(TM) 64-Bit Server VM (17.0.12+8-LTS-286, mixed mode, sharing, tiered, compressed oops, compressed class ptrs, g1 gc, windows-amd64)
GC Precious Log:
 CPUs: 16 total, 16 available
 Memory: 8118M
 Large Page Support: Disabled
 NUMA Support: Disabled
 Compressed Oops: Enabled (32-bit)
 Heap Region Size: 1M
 Heap Min Capacity: 8M
 Heap Initial Capacity: 128M
 Heap Max Capacity: 2G
 Pre-touch: Disabled
 Parallel Workers: 13
 Concurrent Workers: 3
 Concurrent Refinement Workers: 13
 Periodic GC: Disabled
Heap:
 garbage-first heap   total 343040K, used 264844K [0x0000000080000000, 0x0000000100000000)
  region size 1024K, 32 young (32768K), 7 survivors (7168K)
 Metaspace       used 124439K, committed 126400K, reserved 557056K
  class space    used 17070K, committed 18048K, reserved 425984K
GC Heap History (20 events):
Event: 24.452 GC heap before
{Heap before GC invocations=45 (full 0):
 garbage-first heap   total 343040K, used 207245K [0x0000000080000000, 0x0000000100000000)
  region size 1024K, 16 young (16384K), 6 survivors (6144K)
 Metaspace       used 115484K, committed 117248K, reserved 557056K
  class space    used 16121K, committed 16960K, reserved 425984K
}
Event: 24.458 GC heap after
{Heap after GC invocations=46 (full 0):
 garbage-first heap   total 343040K, used 194844K [0x0000000080000000, 0x0000000100000000)
  region size 1024K, 2 young (2048K), 2 survivors (2048K)
 Metaspace       used 115484K, committed 117248K, reserved 557056K
  class space    used 16121K, committed 16960K, reserved 425984K
}
Event: 25.470 GC heap before
{Heap before GC invocations=46 (full 0):
 garbage-first heap   total 343040K, used 282908K [0x0000000080000000, 0x0000000100000000)
  region size 1024K, 88 young (90112K), 2 survivors (2048K)
 Metaspace       used 117190K, committed 118976K, reserved 557056K
  class space    used 16339K, committed 17216K, reserved 425984K
}
Event: 25.479 GC heap after
{Heap after GC invocations=47 (full 0):
 garbage-first heap   total 343040K, used 208158K [0x0000000080000000, 0x0000000100000000)
  region size 1024K, 11 young (11264K), 11 survivors (11264K)
 Metaspace       used 117190K, committed 118976K, reserved 557056K
  class space    used 16339K, committed 17216K, reserved 425984K
}
Event: 26.329 GC heap before
{Heap before GC invocations=47 (full 0):
 garbage-first heap   total 343040K, used 287006K [0x0000000080000000, 0x0000000100000000)
  region size 1024K, 84 young (86016K), 11 survivors (11264K)
 Metaspace       used 120334K, committed 122176K, reserved 557056K
  class space    used 16560K, committed 17472K, reserved 425984K
}
Event: 26.343 GC heap after
{Heap after GC invocations=48 (full 0):
 garbage-first heap   total 343040K, used 218857K [0x0000000080000000, 0x0000000100000000)
  region size 1024K, 11 young (11264K), 11 survivors (11264K)
 Metaspace       used 120334K, committed 122176K, reserved 557056K
  class space    used 16560K, committed 17472K, reserved 425984K
}
Event: 26.993 GC heap before
{Heap before GC invocations=48 (full 0):
 garbage-first heap   total 343040K, used 283369K [0x0000000080000000, 0x0000000100000000)
  region size 1024K, 75 young (76800K), 11 survivors (11264K)
 Metaspace       used 120545K, committed 122368K, reserved 557056K
  class space    used 16590K, committed 17472K, reserved 425984K
}
Event: 27.004 GC heap after
{Heap after GC invocations=49 (full 0):
 garbage-first heap   total 343040K, used 225331K [0x0000000080000000, 0x0000000100000000)
  region size 1024K, 7 young (7168K), 7 survivors (7168K)
 Metaspace       used 120545K, committed 122368K, reserved 557056K
  class space    used 16590K, committed 17472K, reserved 425984K
}
Event: 27.537 GC heap before
{Heap before GC invocations=49 (full 0):
 garbage-first heap   total 343040K, used 285747K [0x0000000080000000, 0x0000000100000000)
  region size 1024K, 67 young (68608K), 7 survivors (7168K)
 Metaspace       used 120596K, committed 122432K, reserved 557056K
  class space    used 16594K, committed 17472K, reserved 425984K
}
Event: 27.545 GC heap after
{Heap after GC invocations=50 (full 0):
 garbage-first heap   total 343040K, used 228026K [0x0000000080000000, 0x0000000100000000)
  region size 1024K, 6 young (6144K), 6 survivors (6144K)
 Metaspace       used 120596K, committed 122432K, reserved 557056K
  class space    used 16594K, committed 17472K, reserved 425984K
}
Event: 27.973 GC heap before
{Heap before GC invocations=50 (full 0):
 garbage-first heap   total 343040K, used 287418K [0x0000000080000000, 0x0000000100000000)
  region size 1024K, 65 young (66560K), 6 survivors (6144K)
 Metaspace       used 120838K, committed 122688K, reserved 557056K
  class space    used 16620K, committed 17536K, reserved 425984K
}
Event: 27.980 GC heap after
{Heap after GC invocations=51 (full 0):
 garbage-first heap   total 343040K, used 230770K [0x0000000080000000, 0x0000000100000000)
  region size 1024K, 5 young (5120K), 5 survivors (5120K)
 Metaspace       used 120838K, committed 122688K, reserved 557056K
  class space    used 16620K, committed 17536K, reserved 425984K
}
Event: 28.448 GC heap before
{Heap before GC invocations=51 (full 0):
 garbage-first heap   total 343040K, used 290162K [0x0000000080000000, 0x0000000100000000)
  region size 1024K, 64 young (65536K), 5 survivors (5120K)
 Metaspace       used 121068K, committed 122944K, reserved 557056K
  class space    used 16640K, committed 17536K, reserved 425984K
}
Event: 28.455 GC heap after
{Heap after GC invocations=52 (full 0):
 garbage-first heap   total 343040K, used 233599K [0x0000000080000000, 0x0000000100000000)
  region size 1024K, 5 young (5120K), 5 survivors (5120K)
 Metaspace       used 121068K, committed 122944K, reserved 557056K
  class space    used 16640K, committed 17536K, reserved 425984K
}
Event: 28.801 GC heap before
{Heap before GC invocations=52 (full 0):
 garbage-first heap   total 343040K, used 290943K [0x0000000080000000, 0x0000000100000000)
  region size 1024K, 62 young (63488K), 5 survivors (5120K)
 Metaspace       used 121185K, committed 123072K, reserved 557056K
  class space    used 16646K, committed 17536K, reserved 425984K
}
Event: 28.808 GC heap after
{Heap after GC invocations=53 (full 0):
 garbage-first heap   total 343040K, used 236248K [0x0000000080000000, 0x0000000100000000)
  region size 1024K, 4 young (4096K), 4 survivors (4096K)
 Metaspace       used 121185K, committed 123072K, reserved 557056K
  class space    used 16646K, committed 17536K, reserved 425984K
}
Event: 28.985 GC heap before
{Heap before GC invocations=53 (full 0):
 garbage-first heap   total 343040K, used 292568K [0x0000000080000000, 0x0000000100000000)
  region size 1024K, 60 young (61440K), 4 survivors (4096K)
 Metaspace       used 121220K, committed 123072K, reserved 557056K
  class space    used 16648K, committed 17536K, reserved 425984K
}
Event: 28.990 GC heap after
{Heap after GC invocations=54 (full 0):
 garbage-first heap   total 343040K, used 238116K [0x0000000080000000, 0x0000000100000000)
  region size 1024K, 6 young (6144K), 6 survivors (6144K)
 Metaspace       used 121220K, committed 123072K, reserved 557056K
  class space    used 16648K, committed 17536K, reserved 425984K
}
Event: 29.562 GC heap before
{Heap before GC invocations=54 (full 0):
 garbage-first heap   total 343040K, used 294436K [0x0000000080000000, 0x0000000100000000)
  region size 1024K, 62 young (63488K), 6 survivors (6144K)
 Metaspace       used 122976K, committed 124864K, reserved 557056K
  class space    used 16869K, committed 17792K, reserved 425984K
}
Event: 29.569 GC heap after
{Heap after GC invocations=55 (full 0):
 garbage-first heap   total 343040K, used 241292K [0x0000000080000000, 0x0000000100000000)
  region size 1024K, 7 young (7168K), 7 survivors (7168K)
 Metaspace       used 122976K, committed 124864K, reserved 557056K
  class space    used 16869K, committed 17792K, reserved 425984K
}

